<?xml version="1.0" encoding="UTF-8"?>
<!-- Generated by org.testng.reporters.JUnitXMLReporter -->
<testsuite ignored="0" hostname="DESKTOP-PR979V6" failures="1" tests="8" name="groupsTest" time="0.151" errors="0" timestamp="2022-03-01T23:36:50 IST">
  <testcase classname="testNG.Annotations" name="launchapp" time="0.014">
    <failure type="java.lang.NullPointerException" message="Cannot invoke &amp;quot;org.openqa.selenium.WebDriver.get(String)&amp;quot; because &amp;quot;this.driver&amp;quot; is null">
      <![CDATA[java.lang.NullPointerException: Cannot invoke "org.openqa.selenium.WebDriver.get(String)" because "this.driver" is null
at testNG.Annotations.launchapp(Annotations.java:47)
at java.base/java.util.ArrayList.forEach(ArrayList.java:1511)
... Removed 27 stack frames]]>
    </failure>
  </testcase> <!-- launchapp -->
  <testcase classname="testNG.Annotations" name="registrationpage" time="0.0">
    <skipped/>
  </testcase> <!-- registrationpage -->
  <testcase classname="testNG.Annotations" name="Name" time="0.0">
    <skipped/>
  </testcase> <!-- Name -->
  <testcase classname="testNG.Annotations" name="Address1" time="0.0">
    <skipped/>
  </testcase> <!-- Address1 -->
  <testcase classname="testNG.Annotations" name="Address2" time="0.0">
    <skipped/>
  </testcase> <!-- Address2 -->
  <testcase classname="testNG.Annotations" name="contact" time="0.0">
    <skipped/>
  </testcase> <!-- contact -->
  <testcase classname="testNG.Annotations" name="login" time="0.0">
    <skipped/>
  </testcase> <!-- login -->
  <testcase classname="testNG.Annotations" name="submit" time="0.0">
    <skipped/>
  </testcase> <!-- submit -->
</testsuite> <!-- groupsTest -->
