<?xml version="1.0" encoding="UTF-8"?>
<!-- Generated by org.testng.reporters.JUnitXMLReporter -->
<testsuite ignored="0" hostname="DESKTOP-PR979V6" failures="0" tests="8" name="parabanktest" time="22.305" errors="0" timestamp="2022-03-07T22:39:01 IST">
  <testcase classname="testNG.ParabankRegistration" name="launchapp" time="7.169"/>
  <testcase classname="testNG.ParabankRegistration" name="registrationpage" time="2.131"/>
  <testcase classname="testNG.ParabankRegistration" name="Name" time="0.269"/>
  <testcase classname="testNG.ParabankRegistration" name="Address1" time="0.222"/>
  <testcase classname="testNG.ParabankRegistration" name="Address2" time="0.307"/>
  <testcase classname="testNG.ParabankRegistration" name="contact" time="0.266"/>
  <testcase classname="testNG.ParabankRegistration" name="login" time="0.386"/>
  <testcase classname="testNG.ParabankRegistration" name="submit" time="0.633"/>
</testsuite> <!-- parabanktest -->
