<?xml version="1.0" encoding="UTF-8"?>
<!-- Generated by org.testng.reporters.JUnitXMLReporter -->
<testsuite ignored="0" hostname="DESKTOP-PR979V6" failures="0" tests="3" name="YoutubetitleTest" time="30.257" errors="0" timestamp="2022-02-27T17:32:45 IST">
  <testcase classname="testNG.TestNGfeatures" name="launchapp" time="7.639"/>
  <testcase classname="testNG.TestNGfeatures" name="test" time="0.073"/>
  <testcase classname="testNG.TestNGfeatures" name="test1" time="2.14"/>
</testsuite> <!-- YoutubetitleTest -->
