<?xml version="1.0" encoding="UTF-8"?>
<testng-results ignored="0" total="2" passed="2" failed="0" skipped="0">
  <reporter-output>
  </reporter-output>
  <suite started-at="2022-03-30T14:42:26 IST" name="Default suite" finished-at="2022-03-30T14:42:34 IST" duration-ms="7909">
    <groups>
    </groups>
    <test started-at="2022-03-30T14:42:26 IST" name="Default test" finished-at="2022-03-30T14:42:34 IST" duration-ms="7909">
      <class name="com.qa.restasurred.GETcall">
        <test-method signature="TestBody()[pri:0, instance:com.qa.restasurred.GETcall@4b5d6a01]" started-at="2022-03-30T14:42:27 IST" name="TestBody" finished-at="2022-03-30T14:42:34 IST" duration-ms="7192" status="PASS">
          <reporter-output>
          </reporter-output>
        </test-method> <!-- TestBody -->
        <test-method signature="TestResponseCode()[pri:0, instance:com.qa.restasurred.GETcall@4b5d6a01]" started-at="2022-03-30T14:42:34 IST" name="TestResponseCode" finished-at="2022-03-30T14:42:34 IST" duration-ms="620" status="PASS">
          <reporter-output>
          </reporter-output>
        </test-method> <!-- TestResponseCode -->
      </class> <!-- com.qa.restasurred.GETcall -->
    </test> <!-- Default test -->
  </suite> <!-- Default suite -->
</testng-results>
